<?xml version="1.0" encoding="UTF-8"?>
<!-- Generated by org.testng.reporters.JUnitReportReporter -->
<testsuite skipped="0" hostname="madhavi" name="com.qa.FAM.test.Company_setupTest" tests="6" failures="0" timestamp="30 Dec 2018 13:34:51 GMT" time="94.495" errors="0">
  <testcase name="Company_setupTest" time="14.634" classname="com.qa.FAM.test.Company_setupTest"/>
  <testcase name="Company_setupTest" time="15.160" classname="com.qa.FAM.test.Company_setupTest"/>
  <testcase name="Company_setupTest" time="19.935" classname="com.qa.FAM.test.Company_setupTest"/>
  <testcase name="Company_setupTest" time="16.056" classname="com.qa.FAM.test.Company_setupTest"/>
  <testcase name="verify_dropdown" time="15.394" classname="com.qa.FAM.test.Company_setupTest"/>
  <testcase name="verify_checkbox" time="13.316" classname="com.qa.FAM.test.Company_setupTest"/>
</testsuite> <!-- com.qa.FAM.test.Company_setupTest -->
