<?xml version="1.0" encoding="UTF-8"?>
<!-- Generated by org.testng.reporters.JUnitReportReporter -->
<testsuite skipped="0" hostname="madhavi" name="com.qa.FAM.test.SetupTest" tests="9" failures="0" timestamp="30 Dec 2018 08:27:33 GMT" time="111.037" errors="0">
  <testcase name="setuppageTitleTest" time="10.468" classname="com.qa.FAM.test.SetupTest"/>
  <testcase name="verify_heading" time="11.465" classname="com.qa.FAM.test.SetupTest"/>
  <testcase name="Verify_ClickOn_company_Setup" time="11.618" classname="com.qa.FAM.test.SetupTest"/>
  <testcase name="verify_user_account_setup_link" time="12.651" classname="com.qa.FAM.test.SetupTest"/>
  <testcase name="verify_accsess_setup" time="13.797" classname="com.qa.FAM.test.SetupTest"/>
  <testcase name="verify_display_setup" time="11.982" classname="com.qa.FAM.test.SetupTest"/>
  <testcase name="verify_fiscal_year" time="11.192" classname="com.qa.FAM.test.SetupTest"/>
  <testcase name="verify_shiping_company" time="14.051" classname="com.qa.FAM.test.SetupTest"/>
  <testcase name="verify_logout" time="13.813" classname="com.qa.FAM.test.SetupTest"/>
</testsuite> <!-- com.qa.FAM.test.SetupTest -->
